info: 30.12.2022 01:24:57.464 RelationalEventId.CommandExecuted[20101] (Microsoft.EntityFrameworkCore.Database.Command) 
      Executed DbCommand (28ms) [Parameters=[], CommandType='Text', CommandTimeout='30']
      SELECT 1
info: 30.12.2022 01:24:57.495 RelationalEventId.CommandExecuted[20101] (Microsoft.EntityFrameworkCore.Database.Command) 
      Executed DbCommand (17ms) [Parameters=[], CommandType='Text', CommandTimeout='30']
      SELECT OBJECT_ID(N'[__EFMigrationsHistory]');
info: 30.12.2022 01:24:57.498 RelationalEventId.CommandExecuted[20101] (Microsoft.EntityFrameworkCore.Database.Command) 
      Executed DbCommand (1ms) [Parameters=[], CommandType='Text', CommandTimeout='30']
      SELECT 1
info: 30.12.2022 01:24:57.499 RelationalEventId.CommandExecuted[20101] (Microsoft.EntityFrameworkCore.Database.Command) 
      Executed DbCommand (0ms) [Parameters=[], CommandType='Text', CommandTimeout='30']
      SELECT OBJECT_ID(N'[__EFMigrationsHistory]');
info: 30.12.2022 01:24:57.516 RelationalEventId.CommandExecuted[20101] (Microsoft.EntityFrameworkCore.Database.Command) 
      Executed DbCommand (2ms) [Parameters=[], CommandType='Text', CommandTimeout='30']
      SELECT [MigrationId], [ProductVersion]
      FROM [__EFMigrationsHistory]
      ORDER BY [MigrationId];
info: 30.12.2022 01:24:57.667 RelationalEventId.CommandExecuted[20101] (Microsoft.EntityFrameworkCore.Database.Command) 
      Executed DbCommand (6ms) [Parameters=[], CommandType='Text', CommandTimeout='30']
      ALTER TABLE [Drivers] DROP CONSTRAINT [FK_Drivers_Cars_CarVIN];
info: 30.12.2022 01:24:57.668 RelationalEventId.CommandExecuted[20101] (Microsoft.EntityFrameworkCore.Database.Command) 
      Executed DbCommand (1ms) [Parameters=[], CommandType='Text', CommandTimeout='30']
      ALTER TABLE [Drivers] DROP CONSTRAINT [FK_Drivers_TaxiDepartments_TaxiDepartmentID];
info: 30.12.2022 01:24:57.670 RelationalEventId.CommandExecuted[20101] (Microsoft.EntityFrameworkCore.Database.Command) 
      Executed DbCommand (2ms) [Parameters=[], CommandType='Text', CommandTimeout='30']
      ALTER TABLE [Orders] DROP CONSTRAINT [FK_Orders_Clients_ClientID];
info: 30.12.2022 01:24:57.671 RelationalEventId.CommandExecuted[20101] (Microsoft.EntityFrameworkCore.Database.Command) 
      Executed DbCommand (1ms) [Parameters=[], CommandType='Text', CommandTimeout='30']
      ALTER TABLE [Orders] DROP CONSTRAINT [FK_Orders_Drivers_DriverID];
info: 30.12.2022 01:24:57.672 RelationalEventId.CommandExecuted[20101] (Microsoft.EntityFrameworkCore.Database.Command) 
      Executed DbCommand (1ms) [Parameters=[], CommandType='Text', CommandTimeout='30']
      ALTER TABLE [WorkShifts] DROP CONSTRAINT [FK_WorkShifts_Drivers_DriverID];
info: 30.12.2022 01:24:57.674 RelationalEventId.CommandExecuted[20101] (Microsoft.EntityFrameworkCore.Database.Command) 
      Executed DbCommand (2ms) [Parameters=[], CommandType='Text', CommandTimeout='30']
      DROP TABLE [Clients];
info: 30.12.2022 01:24:57.679 RelationalEventId.CommandExecuted[20101] (Microsoft.EntityFrameworkCore.Database.Command) 
      Executed DbCommand (5ms) [Parameters=[], CommandType='Text', CommandTimeout='30']
      ALTER TABLE [Drivers] DROP CONSTRAINT [PK_Drivers];
info: 30.12.2022 01:24:57.822 RelationalEventId.CommandExecuted[20101] (Microsoft.EntityFrameworkCore.Database.Command) 
      Executed DbCommand (143ms) [Parameters=[], CommandType='Text', CommandTimeout='30']
      EXEC sp_rename N'[Drivers]', N'Persons';
info: 30.12.2022 01:24:57.824 RelationalEventId.CommandExecuted[20101] (Microsoft.EntityFrameworkCore.Database.Command) 
      Executed DbCommand (2ms) [Parameters=[], CommandType='Text', CommandTimeout='30']
      EXEC sp_rename N'[Persons].[IX_Drivers_TaxiDepartmentID]', N'IX_Persons_TaxiDepartmentID', N'INDEX';
info: 30.12.2022 01:24:57.826 RelationalEventId.CommandExecuted[20101] (Microsoft.EntityFrameworkCore.Database.Command) 
      Executed DbCommand (1ms) [Parameters=[], CommandType='Text', CommandTimeout='30']
      EXEC sp_rename N'[Persons].[IX_Drivers_CarVIN]', N'IX_Persons_CarVIN', N'INDEX';
info: 30.12.2022 01:24:57.846 RelationalEventId.CommandExecuted[20101] (Microsoft.EntityFrameworkCore.Database.Command) 
      Executed DbCommand (21ms) [Parameters=[], CommandType='Text', CommandTimeout='30']
      DECLARE @var0 sysname;
      SELECT @var0 = [d].[name]
      FROM [sys].[default_constraints] [d]
      INNER JOIN [sys].[columns] [c] ON [d].[parent_column_id] = [c].[column_id] AND [d].[parent_object_id] = [c].[object_id]
      WHERE ([d].[parent_object_id] = OBJECT_ID(N'[Persons]') AND [c].[name] = N'TaxiDepartmentID');
      IF @var0 IS NOT NULL EXEC(N'ALTER TABLE [Persons] DROP CONSTRAINT [' + @var0 + '];');
      ALTER TABLE [Persons] ALTER COLUMN [TaxiDepartmentID] int NULL;
info: 30.12.2022 01:24:57.858 RelationalEventId.CommandExecuted[20101] (Microsoft.EntityFrameworkCore.Database.Command) 
      Executed DbCommand (11ms) [Parameters=[], CommandType='Text', CommandTimeout='30']
      DECLARE @var1 sysname;
      SELECT @var1 = [d].[name]
      FROM [sys].[default_constraints] [d]
      INNER JOIN [sys].[columns] [c] ON [d].[parent_column_id] = [c].[column_id] AND [d].[parent_object_id] = [c].[object_id]
      WHERE ([d].[parent_object_id] = OBJECT_ID(N'[Persons]') AND [c].[name] = N'TaxNumber');
      IF @var1 IS NOT NULL EXEC(N'ALTER TABLE [Persons] DROP CONSTRAINT [' + @var1 + '];');
      ALTER TABLE [Persons] ALTER COLUMN [TaxNumber] nvarchar(max) NULL;
info: 30.12.2022 01:24:57.870 RelationalEventId.CommandExecuted[20101] (Microsoft.EntityFrameworkCore.Database.Command) 
      Executed DbCommand (12ms) [Parameters=[], CommandType='Text', CommandTimeout='30']
      DECLARE @var2 sysname;
      SELECT @var2 = [d].[name]
      FROM [sys].[default_constraints] [d]
      INNER JOIN [sys].[columns] [c] ON [d].[parent_column_id] = [c].[column_id] AND [d].[parent_object_id] = [c].[object_id]
      WHERE ([d].[parent_object_id] = OBJECT_ID(N'[Persons]') AND [c].[name] = N'Rating');
      IF @var2 IS NOT NULL EXEC(N'ALTER TABLE [Persons] DROP CONSTRAINT [' + @var2 + '];');
      ALTER TABLE [Persons] ALTER COLUMN [Rating] real NULL;
info: 30.12.2022 01:24:57.882 RelationalEventId.CommandExecuted[20101] (Microsoft.EntityFrameworkCore.Database.Command) 
      Executed DbCommand (11ms) [Parameters=[], CommandType='Text', CommandTimeout='30']
      DECLARE @var3 sysname;
      SELECT @var3 = [d].[name]
      FROM [sys].[default_constraints] [d]
      INNER JOIN [sys].[columns] [c] ON [d].[parent_column_id] = [c].[column_id] AND [d].[parent_object_id] = [c].[object_id]
      WHERE ([d].[parent_object_id] = OBJECT_ID(N'[Persons]') AND [c].[name] = N'Phone');
      IF @var3 IS NOT NULL EXEC(N'ALTER TABLE [Persons] DROP CONSTRAINT [' + @var3 + '];');
      ALTER TABLE [Persons] ALTER COLUMN [Phone] nvarchar(8) NULL;
info: 30.12.2022 01:24:57.894 RelationalEventId.CommandExecuted[20101] (Microsoft.EntityFrameworkCore.Database.Command) 
      Executed DbCommand (13ms) [Parameters=[], CommandType='Text', CommandTimeout='30']
      DECLARE @var4 sysname;
      SELECT @var4 = [d].[name]
      FROM [sys].[default_constraints] [d]
      INNER JOIN [sys].[columns] [c] ON [d].[parent_column_id] = [c].[column_id] AND [d].[parent_object_id] = [c].[object_id]
      WHERE ([d].[parent_object_id] = OBJECT_ID(N'[Persons]') AND [c].[name] = N'CarVIN');
      IF @var4 IS NOT NULL EXEC(N'ALTER TABLE [Persons] DROP CONSTRAINT [' + @var4 + '];');
      ALTER TABLE [Persons] ALTER COLUMN [CarVIN] nvarchar(17) NULL;
info: 30.12.2022 01:24:57.906 RelationalEventId.CommandExecuted[20101] (Microsoft.EntityFrameworkCore.Database.Command) 
      Executed DbCommand (12ms) [Parameters=[], CommandType='Text', CommandTimeout='30']
      DECLARE @var5 sysname;
      SELECT @var5 = [d].[name]
      FROM [sys].[default_constraints] [d]
      INNER JOIN [sys].[columns] [c] ON [d].[parent_column_id] = [c].[column_id] AND [d].[parent_object_id] = [c].[object_id]
      WHERE ([d].[parent_object_id] = OBJECT_ID(N'[Persons]') AND [c].[name] = N'BirthDate');
      IF @var5 IS NOT NULL EXEC(N'ALTER TABLE [Persons] DROP CONSTRAINT [' + @var5 + '];');
      ALTER TABLE [Persons] ALTER COLUMN [BirthDate] datetime2 NULL;
info: 30.12.2022 01:24:57.909 RelationalEventId.CommandExecuted[20101] (Microsoft.EntityFrameworkCore.Database.Command) 
      Executed DbCommand (3ms) [Parameters=[], CommandType='Text', CommandTimeout='30']
      ALTER TABLE [Persons] ADD [Discriminator] nvarchar(max) NOT NULL DEFAULT N'';
info: 30.12.2022 01:24:57.910 RelationalEventId.CommandExecuted[20101] (Microsoft.EntityFrameworkCore.Database.Command) 
      Executed DbCommand (1ms) [Parameters=[], CommandType='Text', CommandTimeout='30']
      ALTER TABLE [Persons] ADD [Email] nvarchar(max) NULL;
info: 30.12.2022 01:24:57.913 RelationalEventId.CommandExecuted[20101] (Microsoft.EntityFrameworkCore.Database.Command) 
      Executed DbCommand (3ms) [Parameters=[], CommandType='Text', CommandTimeout='30']
      ALTER TABLE [Persons] ADD CONSTRAINT [PK_Persons] PRIMARY KEY ([Id]);
info: 30.12.2022 01:24:57.914 RelationalEventId.CommandExecuted[20101] (Microsoft.EntityFrameworkCore.Database.Command) 
      Executed DbCommand (1ms) [Parameters=[], CommandType='Text', CommandTimeout='30']
      ALTER TABLE [Orders] ADD CONSTRAINT [FK_Orders_Persons_ClientID] FOREIGN KEY ([ClientID]) REFERENCES [Persons] ([Id]) ON DELETE NO ACTION;
info: 30.12.2022 01:24:57.916 RelationalEventId.CommandExecuted[20101] (Microsoft.EntityFrameworkCore.Database.Command) 
      Executed DbCommand (1ms) [Parameters=[], CommandType='Text', CommandTimeout='30']
      ALTER TABLE [Orders] ADD CONSTRAINT [FK_Orders_Persons_DriverID] FOREIGN KEY ([DriverID]) REFERENCES [Persons] ([Id]) ON DELETE NO ACTION;
info: 30.12.2022 01:24:57.917 RelationalEventId.CommandExecuted[20101] (Microsoft.EntityFrameworkCore.Database.Command) 
      Executed DbCommand (1ms) [Parameters=[], CommandType='Text', CommandTimeout='30']
      ALTER TABLE [Persons] ADD CONSTRAINT [FK_Persons_Cars_CarVIN] FOREIGN KEY ([CarVIN]) REFERENCES [Cars] ([VIN]) ON DELETE NO ACTION;
info: 30.12.2022 01:24:57.918 RelationalEventId.CommandExecuted[20101] (Microsoft.EntityFrameworkCore.Database.Command) 
      Executed DbCommand (1ms) [Parameters=[], CommandType='Text', CommandTimeout='30']
      ALTER TABLE [Persons] ADD CONSTRAINT [FK_Persons_TaxiDepartments_TaxiDepartmentID] FOREIGN KEY ([TaxiDepartmentID]) REFERENCES [TaxiDepartments] ([TaxiDepartmentID]) ON DELETE NO ACTION;
info: 30.12.2022 01:24:57.919 RelationalEventId.CommandExecuted[20101] (Microsoft.EntityFrameworkCore.Database.Command) 
      Executed DbCommand (1ms) [Parameters=[], CommandType='Text', CommandTimeout='30']
      ALTER TABLE [WorkShifts] ADD CONSTRAINT [FK_WorkShifts_Persons_DriverID] FOREIGN KEY ([DriverID]) REFERENCES [Persons] ([Id]) ON DELETE CASCADE;
info: 30.12.2022 01:24:57.920 RelationalEventId.CommandExecuted[20101] (Microsoft.EntityFrameworkCore.Database.Command) 
      Executed DbCommand (1ms) [Parameters=[], CommandType='Text', CommandTimeout='30']
      INSERT INTO [__EFMigrationsHistory] ([MigrationId], [ProductVersion])
      VALUES (N'20221229232445_AddedInheritance', N'7.0.1');
